[2021-08-13 14:48:37,924] INFO django.utils.autoreload: Watching for file changes with StatReloader
[2021-08-13 14:52:11,212] INFO django.utils.autoreload: Watching for file changes with StatReloader
[2021-08-13 14:55:46,848] INFO django.utils.autoreload: Watching for file changes with StatReloader
[2021-08-13 16:42:20,535] INFO django.utils.autoreload: Watching for file changes with StatReloader
[2021-08-13 16:56:34,876] INFO django.utils.autoreload: D:\PYTHON\cvat-adas\cvat_adas_demo\cvat_adas_demo\settings.py changed, reloading.
[2021-08-13 16:56:40,482] INFO django.utils.autoreload: Watching for file changes with StatReloader
[2021-08-13 16:56:43,996] INFO django.utils.autoreload: D:\PYTHON\cvat-adas\cvat_adas_demo\cvat_adas_demo\settings.py changed, reloading.
[2021-08-13 16:56:46,543] INFO django.utils.autoreload: Watching for file changes with StatReloader
[2021-08-13 16:56:53,099] INFO django.utils.autoreload: D:\PYTHON\cvat-adas\cvat_adas_demo\cvat_adas_demo\settings.py changed, reloading.
[2021-08-13 16:56:54,387] INFO django.utils.autoreload: Watching for file changes with StatReloader
[2021-08-13 16:57:24,117] INFO django.utils.autoreload: D:\PYTHON\cvat-adas\env\Lib\site-packages\django\db\models\__init__.py changed, reloading.
[2021-08-13 16:57:25,275] INFO django.utils.autoreload: Watching for file changes with StatReloader
[2021-08-13 17:01:58,079] INFO django.utils.autoreload: D:\PYTHON\cvat-adas\env\Lib\site-packages\django\db\models\__init__.py changed, reloading.
[2021-08-13 17:02:06,891] INFO django.utils.autoreload: Watching for file changes with StatReloader
[2021-08-13 17:30:29,026] INFO django.utils.autoreload: D:\PYTHON\cvat-adas\cvat_adas_demo\cvat_adas_demo\settings.py changed, reloading.
[2021-08-13 17:30:30,168] INFO django.utils.autoreload: Watching for file changes with StatReloader
[2021-08-13 17:30:34,627] INFO django.utils.autoreload: D:\PYTHON\cvat-adas\cvat_adas_demo\cvat_adas_demo\settings.py changed, reloading.
[2021-08-13 17:30:35,507] INFO django.utils.autoreload: Watching for file changes with StatReloader
[2021-08-13 17:30:41,063] INFO django.utils.autoreload: D:\PYTHON\cvat-adas\cvat_adas_demo\cvat_adas_demo\settings.py changed, reloading.
[2021-08-13 17:30:41,998] INFO django.utils.autoreload: Watching for file changes with StatReloader
[2021-08-13 17:30:43,297] INFO django.utils.autoreload: D:\PYTHON\cvat-adas\cvat_adas_demo\cvat_adas_demo\settings.py changed, reloading.
[2021-08-13 17:30:44,182] INFO django.utils.autoreload: Watching for file changes with StatReloader
[2021-08-13 17:30:45,519] INFO django.utils.autoreload: D:\PYTHON\cvat-adas\cvat_adas_demo\cvat_adas_demo\settings.py changed, reloading.
[2021-08-13 17:30:46,404] INFO django.utils.autoreload: Watching for file changes with StatReloader
[2021-08-13 17:31:09,806] INFO django.utils.autoreload: D:\PYTHON\cvat-adas\cvat_adas_demo\cvat_adas_demo\settings.py changed, reloading.
[2021-08-13 17:31:10,694] INFO django.utils.autoreload: Watching for file changes with StatReloader
[2021-08-13 17:31:13,027] INFO django.utils.autoreload: D:\PYTHON\cvat-adas\cvat_adas_demo\cvat_adas_demo\settings.py changed, reloading.
[2021-08-13 17:31:13,913] INFO django.utils.autoreload: Watching for file changes with StatReloader
[2021-08-13 17:31:21,601] INFO django.utils.autoreload: D:\PYTHON\cvat-adas\cvat_adas_demo\cvat_adas_demo\settings.py changed, reloading.
[2021-08-13 17:31:22,674] INFO django.utils.autoreload: Watching for file changes with StatReloader
[2021-08-13 17:31:30,291] INFO django.utils.autoreload: D:\PYTHON\cvat-adas\cvat_adas_demo\cvat_adas_demo\settings.py changed, reloading.
[2021-08-13 17:31:31,180] INFO django.utils.autoreload: Watching for file changes with StatReloader
[2021-08-13 17:32:16,435] INFO django.utils.autoreload: D:\PYTHON\cvat-adas\cvat_adas_demo\cvat_adas_demo\settings.py changed, reloading.
[2021-08-13 17:32:17,575] INFO django.utils.autoreload: Watching for file changes with StatReloader
[2021-08-13 17:32:18,898] INFO django.utils.autoreload: D:\PYTHON\cvat-adas\cvat_adas_demo\cvat_adas_demo\settings.py changed, reloading.
[2021-08-13 17:32:19,877] INFO django.utils.autoreload: Watching for file changes with StatReloader
[2021-08-13 17:32:35,937] INFO django.utils.autoreload: D:\PYTHON\cvat-adas\cvat_adas_demo\cvat_adas_demo\engine\models.py changed, reloading.
[2021-08-13 17:32:36,963] INFO django.utils.autoreload: Watching for file changes with StatReloader
[2021-08-13 17:32:51,878] INFO django.utils.autoreload: D:\PYTHON\cvat-adas\cvat_adas_demo\cvat_adas_demo\engine\models.py changed, reloading.
[2021-08-13 17:32:53,308] INFO django.utils.autoreload: Watching for file changes with StatReloader
[2021-08-13 17:35:43,167] INFO django.utils.autoreload: Watching for file changes with StatReloader
[2021-08-13 17:36:45,199] INFO django.utils.autoreload: D:\PYTHON\cvat-adas\cvat_adas_demo\cvat_adas_demo\authentication\auth.py changed, reloading.
[2021-08-13 17:36:46,294] INFO django.utils.autoreload: Watching for file changes with StatReloader
[2021-08-13 17:37:46,708] INFO django.utils.autoreload: D:\PYTHON\cvat-adas\cvat_adas_demo\cvat_adas_demo\settings.py changed, reloading.
[2021-08-13 17:37:47,758] INFO django.utils.autoreload: Watching for file changes with StatReloader
[2021-08-13 17:37:50,810] INFO django.utils.autoreload: D:\PYTHON\cvat-adas\cvat_adas_demo\cvat_adas_demo\settings.py changed, reloading.
[2021-08-13 17:37:51,885] INFO django.utils.autoreload: Watching for file changes with StatReloader
[2021-08-13 17:38:05,755] INFO django.utils.autoreload: D:\PYTHON\cvat-adas\cvat_adas_demo\cvat_adas_demo\settings.py changed, reloading.
[2021-08-13 17:38:06,821] INFO django.utils.autoreload: Watching for file changes with StatReloader
[2021-08-13 17:38:18,110] INFO django.utils.autoreload: D:\PYTHON\cvat-adas\cvat_adas_demo\cvat_adas_demo\settings.py changed, reloading.
[2021-08-13 17:38:19,212] INFO django.utils.autoreload: Watching for file changes with StatReloader
[2021-08-13 17:39:07,732] INFO django.utils.autoreload: D:\PYTHON\cvat-adas\cvat_adas_demo\cvat_adas_demo\settings.py changed, reloading.
[2021-08-13 17:39:08,808] INFO django.utils.autoreload: Watching for file changes with StatReloader
[2021-08-13 17:39:10,684] INFO django.utils.autoreload: D:\PYTHON\cvat-adas\cvat_adas_demo\cvat_adas_demo\settings.py changed, reloading.
[2021-08-13 17:39:11,815] INFO django.utils.autoreload: Watching for file changes with StatReloader
[2021-08-13 17:52:38,058] INFO django.utils.autoreload: Watching for file changes with StatReloader
[2021-08-16 09:56:04,737] INFO django.utils.autoreload: Watching for file changes with StatReloader
[2021-08-16 10:23:14,505] INFO django.utils.autoreload: D:\PYTHON\cvat-adas\cvat_adas_demo\cvat_adas_demo\dataset_repo\models.py changed, reloading.
[2021-08-16 10:24:49,455] INFO django.utils.autoreload: Watching for file changes with StatReloader
[2021-08-16 10:25:33,097] INFO django.utils.autoreload: D:\PYTHON\cvat-adas\cvat_adas_demo\cvat_adas_demo\dataset_repo\models.py changed, reloading.
[2021-08-16 10:25:41,011] INFO django.utils.autoreload: Watching for file changes with StatReloader
[2021-08-16 10:54:15,108] INFO django.utils.autoreload: D:\PYTHON\cvat-adas\cvat_adas_demo\cvat_adas_demo\dataset_manager\bindings.py changed, reloading.
[2021-08-16 10:55:05,334] INFO django.utils.autoreload: Watching for file changes with StatReloader
[2021-08-16 10:56:00,745] INFO django.utils.autoreload: D:\PYTHON\cvat-adas\cvat_adas_demo\cvat_adas_demo\dataset_manager\bindings.py changed, reloading.
[2021-08-16 10:56:04,029] INFO django.utils.autoreload: Watching for file changes with StatReloader
[2021-08-16 10:56:21,895] INFO django.utils.autoreload: D:\PYTHON\cvat-adas\cvat_adas_demo\cvat_adas_demo\dataset_manager\bindings.py changed, reloading.
[2021-08-16 10:56:25,326] INFO django.utils.autoreload: Watching for file changes with StatReloader
[2021-08-16 12:17:21,993] INFO django.utils.autoreload: Watching for file changes with StatReloader
[2021-08-16 13:19:21,543] INFO django.utils.autoreload: Watching for file changes with StatReloader
